android/app/build/intermediates/manifest_merge_blame_file/debug/manifest-merger-blame-debug-report.txt
1<?xml version="1.0" encoding="utf-8"?>
2<manifest xmlns:android="http://schemas.android.com/apk/res/android"
3    package="com.nhaphangNhaphangtaobao"
4    android:versionCode="1"
5    android:versionName="1.1" >
6
7    <uses-sdk
8        android:minSdkVersion="16"
9        android:targetSdkVersion="29" />
10
11    <uses-permission android:name="android.permission.SYSTEM_ALERT_WINDOW" />
11-->src\debug\AndroidManifest.xml:5:5-77
11-->src\debug\AndroidManifest.xml:5:22-75
12    <uses-permission android:name="android.permission.INTERNET" />
12-->src\main\AndroidManifest.xml:4:5-67
12-->src\main\AndroidManifest.xml:4:22-64
13    <uses-permission android:name="android.permission.CAMERA" />
13-->src\main\AndroidManifest.xml:5:5-65
13-->src\main\AndroidManifest.xml:5:22-62
14    <uses-permission android:name="android.permission.WRITE_EXTERNAL_STORAGE" />
14-->src\main\AndroidManifest.xml:6:5-81
14-->src\main\AndroidManifest.xml:6:22-78
15    <uses-permission android:name="android.permission.READ_EXTERNAL_STORAGE" /> <!-- Create a unique permission for your app and use it so only your app can receive your OneSignal messages. -->
15-->src\main\AndroidManifest.xml:7:5-80
15-->src\main\AndroidManifest.xml:7:22-77
16    <permission
16-->[com.onesignal:OneSignal:3.15.3] AndroidManifest.xml:7:5-9:47
17        android:name="com.nhaphangNhaphangtaobao.permission.C2D_MESSAGE"
17-->[com.onesignal:OneSignal:3.15.3] AndroidManifest.xml:8:9-63
18        android:protectionLevel="signature" />
18-->[com.onesignal:OneSignal:3.15.3] AndroidManifest.xml:9:9-44
19
20    <uses-permission android:name="com.nhaphangNhaphangtaobao.permission.C2D_MESSAGE" />
20-->[com.onesignal:OneSignal:3.15.3] AndroidManifest.xml:11:5-79
20-->[com.onesignal:OneSignal:3.15.3] AndroidManifest.xml:11:22-76
21    <uses-permission android:name="com.google.android.c2dm.permission.RECEIVE" /> <!-- Required, makes sure notifications are delivered on time. -->
21-->[com.onesignal:OneSignal:3.15.3] AndroidManifest.xml:17:5-82
21-->[com.onesignal:OneSignal:3.15.3] AndroidManifest.xml:17:22-79
22    <uses-permission android:name="android.permission.WAKE_LOCK" />
22-->[com.onesignal:OneSignal:3.15.3] AndroidManifest.xml:18:5-68
22-->[com.onesignal:OneSignal:3.15.3] AndroidManifest.xml:18:22-65
23    <!--
24 Required so the device vibrates on receiving a push notification.
25         Vibration settings of the device still apply.
26    -->
27    <uses-permission android:name="android.permission.VIBRATE" />
27-->[com.onesignal:OneSignal:3.15.3] AndroidManifest.xml:23:5-66
27-->[com.onesignal:OneSignal:3.15.3] AndroidManifest.xml:23:22-63
28    <uses-permission android:name="android.permission.ACCESS_NETWORK_STATE" />
28-->[com.onesignal:OneSignal:3.15.3] AndroidManifest.xml:24:5-79
28-->[com.onesignal:OneSignal:3.15.3] AndroidManifest.xml:24:22-76
29    <!--
30 Use to restore notifications the user hasn't interacted with.
31         They could be missed notifications if the user reboots their device if this isn't in place.
32    -->
33    <uses-permission android:name="android.permission.RECEIVE_BOOT_COMPLETED" /> <!-- START: ShortcutBadger -->
33-->[com.onesignal:OneSignal:3.15.3] AndroidManifest.xml:29:5-81
33-->[com.onesignal:OneSignal:3.15.3] AndroidManifest.xml:29:22-78
34    <!-- Samsung -->
35    <uses-permission android:name="com.sec.android.provider.badge.permission.READ" />
35-->[com.onesignal:OneSignal:3.15.3] AndroidManifest.xml:31:5-86
35-->[com.onesignal:OneSignal:3.15.3] AndroidManifest.xml:31:22-83
36    <uses-permission android:name="com.sec.android.provider.badge.permission.WRITE" /> <!-- HTC -->
36-->[com.onesignal:OneSignal:3.15.3] AndroidManifest.xml:32:5-87
36-->[com.onesignal:OneSignal:3.15.3] AndroidManifest.xml:32:22-84
37    <uses-permission android:name="com.htc.launcher.permission.READ_SETTINGS" />
37-->[com.onesignal:OneSignal:3.15.3] AndroidManifest.xml:33:5-81
37-->[com.onesignal:OneSignal:3.15.3] AndroidManifest.xml:33:22-78
38    <uses-permission android:name="com.htc.launcher.permission.UPDATE_SHORTCUT" /> <!-- Sony -->
38-->[com.onesignal:OneSignal:3.15.3] AndroidManifest.xml:34:5-83
38-->[com.onesignal:OneSignal:3.15.3] AndroidManifest.xml:34:22-80
39    <uses-permission android:name="com.sonyericsson.home.permission.BROADCAST_BADGE" />
39-->[com.onesignal:OneSignal:3.15.3] AndroidManifest.xml:35:5-88
39-->[com.onesignal:OneSignal:3.15.3] AndroidManifest.xml:35:22-85
40    <uses-permission android:name="com.sonymobile.home.permission.PROVIDER_INSERT_BADGE" /> <!-- Apex -->
40-->[com.onesignal:OneSignal:3.15.3] AndroidManifest.xml:36:5-92
40-->[com.onesignal:OneSignal:3.15.3] AndroidManifest.xml:36:22-89
41    <uses-permission android:name="com.anddoes.launcher.permission.UPDATE_COUNT" /> <!-- Solid -->
41-->[com.onesignal:OneSignal:3.15.3] AndroidManifest.xml:37:5-84
41-->[com.onesignal:OneSignal:3.15.3] AndroidManifest.xml:37:22-81
42    <uses-permission android:name="com.majeur.launcher.permission.UPDATE_BADGE" /> <!-- Huawei -->
42-->[com.onesignal:OneSignal:3.15.3] AndroidManifest.xml:38:5-83
42-->[com.onesignal:OneSignal:3.15.3] AndroidManifest.xml:38:22-80
43    <uses-permission android:name="com.huawei.android.launcher.permission.CHANGE_BADGE" />
43-->[com.onesignal:OneSignal:3.15.3] AndroidManifest.xml:39:5-91
43-->[com.onesignal:OneSignal:3.15.3] AndroidManifest.xml:39:22-88
44    <uses-permission android:name="com.huawei.android.launcher.permission.READ_SETTINGS" />
44-->[com.onesignal:OneSignal:3.15.3] AndroidManifest.xml:40:5-92
44-->[com.onesignal:OneSignal:3.15.3] AndroidManifest.xml:40:22-89
45    <uses-permission android:name="com.huawei.android.launcher.permission.WRITE_SETTINGS" /> <!-- ZUK -->
45-->[com.onesignal:OneSignal:3.15.3] AndroidManifest.xml:41:5-93
45-->[com.onesignal:OneSignal:3.15.3] AndroidManifest.xml:41:22-90
46    <uses-permission android:name="android.permission.READ_APP_BADGE" /> <!-- OPPO -->
46-->[com.onesignal:OneSignal:3.15.3] AndroidManifest.xml:42:5-73
46-->[com.onesignal:OneSignal:3.15.3] AndroidManifest.xml:42:22-70
47    <uses-permission android:name="com.oppo.launcher.permission.READ_SETTINGS" />
47-->[com.onesignal:OneSignal:3.15.3] AndroidManifest.xml:43:5-82
47-->[com.onesignal:OneSignal:3.15.3] AndroidManifest.xml:43:22-79
48    <uses-permission android:name="com.oppo.launcher.permission.WRITE_SETTINGS" /> <!-- EvMe -->
48-->[com.onesignal:OneSignal:3.15.3] AndroidManifest.xml:44:5-83
48-->[com.onesignal:OneSignal:3.15.3] AndroidManifest.xml:44:22-80
49    <uses-permission android:name="me.everything.badger.permission.BADGE_COUNT_READ" />
49-->[com.onesignal:OneSignal:3.15.3] AndroidManifest.xml:45:5-88
49-->[com.onesignal:OneSignal:3.15.3] AndroidManifest.xml:45:22-85
50    <uses-permission android:name="me.everything.badger.permission.BADGE_COUNT_WRITE" />
50-->[com.onesignal:OneSignal:3.15.3] AndroidManifest.xml:46:5-89
50-->[com.onesignal:OneSignal:3.15.3] AndroidManifest.xml:46:22-86
51
52    <application
52-->src\main\AndroidManifest.xml:8:5-28:19
53        android:name="com.nhaphangNhaphangtaobao.MainApplication"
53-->src\main\AndroidManifest.xml:9:7-64
54        android:allowBackup="false"
54-->src\main\AndroidManifest.xml:14:7-34
55        android:appComponentFactory="androidx.core.app.CoreComponentFactory"
55-->[androidx.core:core:1.1.0] AndroidManifest.xml:24:18-86
56        android:debuggable="true"
57        android:icon="@mipmap/ic_launcher"
57-->src\main\AndroidManifest.xml:12:7-41
58        android:label="@string/app_name"
58-->src\main\AndroidManifest.xml:10:7-39
59        android:launchMode="singleTop"
59-->src\main\AndroidManifest.xml:11:7-37
60        android:roundIcon="@mipmap/ic_launcher_round"
60-->src\main\AndroidManifest.xml:13:7-52
61        android:testOnly="true"
62        android:theme="@style/AppTheme"
62-->src\main\AndroidManifest.xml:16:7-38
63        android:usesCleartextTraffic="true" >
63-->src\main\AndroidManifest.xml:15:7-42
64        <activity
64-->src\main\AndroidManifest.xml:17:7-26:18
65            android:name="com.nhaphangNhaphangtaobao.MainActivity"
65-->src\main\AndroidManifest.xml:18:9-63
66            android:configChanges="keyboard|keyboardHidden|orientation|screenSize"
66-->src\main\AndroidManifest.xml:20:9-79
67            android:label="@string/app_name"
67-->src\main\AndroidManifest.xml:19:9-41
68            android:windowSoftInputMode="adjustResize" >
68-->src\main\AndroidManifest.xml:21:9-51
69            <intent-filter>
69-->src\main\AndroidManifest.xml:22:9-25:25
70                <action android:name="android.intent.action.MAIN" />
70-->src\main\AndroidManifest.xml:23:13-65
70-->src\main\AndroidManifest.xml:23:21-62
71
72                <category android:name="android.intent.category.LAUNCHER" />
72-->src\main\AndroidManifest.xml:24:13-73
72-->src\main\AndroidManifest.xml:24:23-70
73            </intent-filter>
74        </activity>
75        <activity android:name="com.facebook.react.devsupport.DevSettingsActivity" />
75-->src\main\AndroidManifest.xml:27:7-84
75-->src\main\AndroidManifest.xml:27:17-81
76
77        <provider
77-->[:react-native-webview] AndroidManifest.xml:12:9-20:20
78            android:name="com.reactnativecommunity.webview.RNCWebViewFileProvider"
78-->[:react-native-webview] AndroidManifest.xml:13:13-83
79            android:authorities="com.nhaphangNhaphangtaobao.fileprovider"
79-->[:react-native-webview] AndroidManifest.xml:14:13-64
80            android:exported="false"
80-->[:react-native-webview] AndroidManifest.xml:15:13-37
81            android:grantUriPermissions="true" >
81-->[:react-native-webview] AndroidManifest.xml:16:13-47
82            <meta-data
82-->[:react-native-webview] AndroidManifest.xml:17:13-19:63
83                android:name="android.support.FILE_PROVIDER_PATHS"
83-->[:react-native-webview] AndroidManifest.xml:18:17-67
84                android:resource="@xml/file_provider_paths" />
84-->[:react-native-webview] AndroidManifest.xml:19:17-60
85        </provider>
86
87        <meta-data
87-->[com.onesignal:OneSignal:3.15.3] AndroidManifest.xml:49:9-51:51
88            android:name="onesignal_app_id"
88-->[com.onesignal:OneSignal:3.15.3] AndroidManifest.xml:50:13-44
89            android:value="" /> <!-- Deprecated - Pulled from OneSignal dashboard. -->
89-->[com.onesignal:OneSignal:3.15.3] AndroidManifest.xml:51:13-48
90        <meta-data
90-->[com.onesignal:OneSignal:3.15.3] AndroidManifest.xml:53:9-55:70
91            android:name="onesignal_google_project_number"
91-->[com.onesignal:OneSignal:3.15.3] AndroidManifest.xml:54:13-59
92            android:value="str:REMOTE" />
92-->[com.onesignal:OneSignal:3.15.3] AndroidManifest.xml:55:13-67
93
94        <receiver
94-->[com.onesignal:OneSignal:3.15.3] AndroidManifest.xml:57:9-67:20
95            android:name="com.onesignal.GcmBroadcastReceiver"
95-->[com.onesignal:OneSignal:3.15.3] AndroidManifest.xml:58:13-62
96            android:permission="com.google.android.c2dm.permission.SEND" >
96-->[com.onesignal:OneSignal:3.15.3] AndroidManifest.xml:59:13-73
97
98            <!-- High priority so OneSignal payloads can be filtered from other GCM receivers if filterOtherGCMReceivers is enabled. -->
99            <intent-filter android:priority="999" >
99-->[com.onesignal:OneSignal:3.15.3] AndroidManifest.xml:62:13-66:29
99-->[com.onesignal:OneSignal:3.15.3] AndroidManifest.xml:62:28-50
100                <action android:name="com.google.android.c2dm.intent.RECEIVE" />
100-->[com.onesignal:OneSignal:3.15.3] AndroidManifest.xml:63:17-81
100-->[com.onesignal:OneSignal:3.15.3] AndroidManifest.xml:63:25-78
101
102                <category android:name="com.nhaphangNhaphangtaobao" />
102-->[com.onesignal:OneSignal:3.15.3] AndroidManifest.xml:65:17-61
102-->[com.onesignal:OneSignal:3.15.3] AndroidManifest.xml:65:27-58
103            </intent-filter>
104        </receiver>
105        <receiver android:name="com.onesignal.NotificationOpenedReceiver" />
105-->[com.onesignal:OneSignal:3.15.3] AndroidManifest.xml:68:9-77
105-->[com.onesignal:OneSignal:3.15.3] AndroidManifest.xml:68:19-74
106
107        <service
107-->[com.onesignal:OneSignal:3.15.3] AndroidManifest.xml:70:9-76:19
108            android:name="com.onesignal.HmsMessageServiceOneSignal"
108-->[com.onesignal:OneSignal:3.15.3] AndroidManifest.xml:71:13-68
109            android:exported="false" >
109-->[com.onesignal:OneSignal:3.15.3] AndroidManifest.xml:72:13-37
110            <intent-filter>
110-->[com.onesignal:OneSignal:3.15.3] AndroidManifest.xml:73:13-75:29
111                <action android:name="com.huawei.push.action.MESSAGING_EVENT" />
111-->[com.onesignal:OneSignal:3.15.3] AndroidManifest.xml:74:17-81
111-->[com.onesignal:OneSignal:3.15.3] AndroidManifest.xml:74:25-78
112            </intent-filter>
113        </service>
114
115        <activity
115-->[com.onesignal:OneSignal:3.15.3] AndroidManifest.xml:78:9-84:20
116            android:name="com.onesignal.NotificationOpenedActivityHMS"
116-->[com.onesignal:OneSignal:3.15.3] AndroidManifest.xml:79:13-71
117            android:theme="@android:style/Theme.Translucent.NoTitleBar" >
117-->[com.onesignal:OneSignal:3.15.3] AndroidManifest.xml:80:13-72
118            <intent-filter>
118-->[com.onesignal:OneSignal:3.15.3] AndroidManifest.xml:81:13-83:29
119                <action android:name="android.intent.action.VIEW" />
119-->[com.onesignal:OneSignal:3.15.3] AndroidManifest.xml:82:17-69
119-->[com.onesignal:OneSignal:3.15.3] AndroidManifest.xml:82:25-66
120            </intent-filter>
121        </activity>
122
123        <service android:name="com.onesignal.GcmIntentService" />
123-->[com.onesignal:OneSignal:3.15.3] AndroidManifest.xml:86:9-66
123-->[com.onesignal:OneSignal:3.15.3] AndroidManifest.xml:86:18-63
124        <service
124-->[com.onesignal:OneSignal:3.15.3] AndroidManifest.xml:87:9-89:72
125            android:name="com.onesignal.GcmIntentJobService"
125-->[com.onesignal:OneSignal:3.15.3] AndroidManifest.xml:88:13-61
126            android:permission="android.permission.BIND_JOB_SERVICE" />
126-->[com.onesignal:OneSignal:3.15.3] AndroidManifest.xml:89:13-69
127        <service
127-->[com.onesignal:OneSignal:3.15.3] AndroidManifest.xml:90:9-92:72
128            android:name="com.onesignal.RestoreJobService"
128-->[com.onesignal:OneSignal:3.15.3] AndroidManifest.xml:91:13-59
129            android:permission="android.permission.BIND_JOB_SERVICE" />
129-->[com.onesignal:OneSignal:3.15.3] AndroidManifest.xml:92:13-69
130        <service
130-->[com.onesignal:OneSignal:3.15.3] AndroidManifest.xml:93:9-95:72
131            android:name="com.onesignal.RestoreKickoffJobService"
131-->[com.onesignal:OneSignal:3.15.3] AndroidManifest.xml:94:13-66
132            android:permission="android.permission.BIND_JOB_SERVICE" />
132-->[com.onesignal:OneSignal:3.15.3] AndroidManifest.xml:95:13-69
133        <service
133-->[com.onesignal:OneSignal:3.15.3] AndroidManifest.xml:96:9-98:43
134            android:name="com.onesignal.SyncService"
134-->[com.onesignal:OneSignal:3.15.3] AndroidManifest.xml:97:13-53
135            android:stopWithTask="true" />
135-->[com.onesignal:OneSignal:3.15.3] AndroidManifest.xml:98:13-40
136        <service
136-->[com.onesignal:OneSignal:3.15.3] AndroidManifest.xml:99:9-101:72
137            android:name="com.onesignal.SyncJobService"
137-->[com.onesignal:OneSignal:3.15.3] AndroidManifest.xml:100:13-56
138            android:permission="android.permission.BIND_JOB_SERVICE" />
138-->[com.onesignal:OneSignal:3.15.3] AndroidManifest.xml:101:13-69
139
140        <activity
140-->[com.onesignal:OneSignal:3.15.3] AndroidManifest.xml:103:9-105:75
141            android:name="com.onesignal.PermissionsActivity"
141-->[com.onesignal:OneSignal:3.15.3] AndroidManifest.xml:104:13-61
142            android:theme="@android:style/Theme.Translucent.NoTitleBar" />
142-->[com.onesignal:OneSignal:3.15.3] AndroidManifest.xml:105:13-72
143
144        <service android:name="com.onesignal.NotificationRestoreService" />
144-->[com.onesignal:OneSignal:3.15.3] AndroidManifest.xml:107:9-76
144-->[com.onesignal:OneSignal:3.15.3] AndroidManifest.xml:107:18-73
145
146        <receiver android:name="com.onesignal.BootUpReceiver" >
146-->[com.onesignal:OneSignal:3.15.3] AndroidManifest.xml:109:9-114:20
146-->[com.onesignal:OneSignal:3.15.3] AndroidManifest.xml:109:19-62
147            <intent-filter>
147-->[com.onesignal:OneSignal:3.15.3] AndroidManifest.xml:110:13-113:29
148                <action android:name="android.intent.action.BOOT_COMPLETED" />
148-->[com.onesignal:OneSignal:3.15.3] AndroidManifest.xml:111:17-79
148-->[com.onesignal:OneSignal:3.15.3] AndroidManifest.xml:111:25-76
149                <action android:name="android.intent.action.QUICKBOOT_POWERON" />
149-->[com.onesignal:OneSignal:3.15.3] AndroidManifest.xml:112:17-82
149-->[com.onesignal:OneSignal:3.15.3] AndroidManifest.xml:112:25-79
150            </intent-filter>
151        </receiver>
152        <receiver android:name="com.onesignal.UpgradeReceiver" >
152-->[com.onesignal:OneSignal:3.15.3] AndroidManifest.xml:115:9-119:20
152-->[com.onesignal:OneSignal:3.15.3] AndroidManifest.xml:115:19-63
153            <intent-filter>
153-->[com.onesignal:OneSignal:3.15.3] AndroidManifest.xml:116:13-118:29
154                <action android:name="android.intent.action.MY_PACKAGE_REPLACED" />
154-->[com.onesignal:OneSignal:3.15.3] AndroidManifest.xml:117:17-84
154-->[com.onesignal:OneSignal:3.15.3] AndroidManifest.xml:117:25-81
155            </intent-filter>
156        </receiver>
157        <!--
158             FirebaseMessagingService performs security checks at runtime,
159             no need for explicit permissions despite exported="true"
160        -->
161        <service
161-->[com.google.firebase:firebase-messaging:17.3.4] AndroidManifest.xml:28:9-34:19
162            android:name="com.google.firebase.messaging.FirebaseMessagingService"
162-->[com.google.firebase:firebase-messaging:17.3.4] AndroidManifest.xml:29:13-82
163            android:exported="true" >
163-->[com.google.firebase:firebase-messaging:17.3.4] AndroidManifest.xml:30:13-36
164            <intent-filter android:priority="-500" >
164-->[com.google.firebase:firebase-messaging:17.3.4] AndroidManifest.xml:31:13-33:29
164-->[com.google.firebase:firebase-messaging:17.3.4] AndroidManifest.xml:31:28-51
165                <action android:name="com.google.firebase.MESSAGING_EVENT" />
165-->[com.google.firebase:firebase-messaging:17.3.4] AndroidManifest.xml:32:17-78
165-->[com.google.firebase:firebase-messaging:17.3.4] AndroidManifest.xml:32:25-75
166            </intent-filter>
167        </service>
168        <service
168-->[com.google.firebase:firebase-iid:17.0.4] AndroidManifest.xml:29:9-35:19
169            android:name="com.google.firebase.components.ComponentDiscoveryService"
169-->[com.google.firebase:firebase-iid:17.0.4] AndroidManifest.xml:30:13-84
170            android:exported="false" >
170-->[com.google.firebase:firebase-iid:17.0.4] AndroidManifest.xml:31:13-37
171            <meta-data
171-->[com.google.firebase:firebase-iid:17.0.4] AndroidManifest.xml:32:13-34:85
172                android:name="com.google.firebase.components:com.google.firebase.iid.Registrar"
172-->[com.google.firebase:firebase-iid:17.0.4] AndroidManifest.xml:33:17-96
173                android:value="com.google.firebase.components.ComponentRegistrar" />
173-->[com.google.firebase:firebase-iid:17.0.4] AndroidManifest.xml:34:17-82
174        </service>
175
176        <receiver
176-->[com.google.firebase:firebase-iid:17.0.4] AndroidManifest.xml:37:9-44:20
177            android:name="com.google.firebase.iid.FirebaseInstanceIdReceiver"
177-->[com.google.firebase:firebase-iid:17.0.4] AndroidManifest.xml:38:13-78
178            android:exported="true"
178-->[com.google.firebase:firebase-iid:17.0.4] AndroidManifest.xml:39:13-36
179            android:permission="com.google.android.c2dm.permission.SEND" >
179-->[com.google.firebase:firebase-iid:17.0.4] AndroidManifest.xml:40:13-73
180            <intent-filter>
180-->[com.google.firebase:firebase-iid:17.0.4] AndroidManifest.xml:41:13-43:29
181                <action android:name="com.google.android.c2dm.intent.RECEIVE" />
181-->[com.onesignal:OneSignal:3.15.3] AndroidManifest.xml:63:17-81
181-->[com.onesignal:OneSignal:3.15.3] AndroidManifest.xml:63:25-78
182            </intent-filter>
183        </receiver>
184        <!--
185             FirebaseInstanceIdService performs security checks at runtime,
186             no need for explicit permissions despite exported="true"
187        -->
188        <service
188-->[com.google.firebase:firebase-iid:17.0.4] AndroidManifest.xml:50:9-56:19
189            android:name="com.google.firebase.iid.FirebaseInstanceIdService"
189-->[com.google.firebase:firebase-iid:17.0.4] AndroidManifest.xml:51:13-77
190            android:exported="true" >
190-->[com.google.firebase:firebase-iid:17.0.4] AndroidManifest.xml:52:13-36
191            <intent-filter android:priority="-500" >
191-->[com.google.firebase:firebase-iid:17.0.4] AndroidManifest.xml:53:13-55:29
191-->[com.google.firebase:firebase-iid:17.0.4] AndroidManifest.xml:53:28-51
192                <action android:name="com.google.firebase.INSTANCE_ID_EVENT" />
192-->[com.google.firebase:firebase-iid:17.0.4] AndroidManifest.xml:54:17-80
192-->[com.google.firebase:firebase-iid:17.0.4] AndroidManifest.xml:54:25-77
193            </intent-filter>
194        </service>
195
196        <provider
196-->[com.google.firebase:firebase-common:16.0.3] AndroidManifest.xml:10:9-14:39
197            android:name="com.google.firebase.provider.FirebaseInitProvider"
197-->[com.google.firebase:firebase-common:16.0.3] AndroidManifest.xml:11:13-77
198            android:authorities="com.nhaphangNhaphangtaobao.firebaseinitprovider"
198-->[com.google.firebase:firebase-common:16.0.3] AndroidManifest.xml:12:13-72
199            android:exported="false"
199-->[com.google.firebase:firebase-common:16.0.3] AndroidManifest.xml:13:13-37
200            android:initOrder="100" />
200-->[com.google.firebase:firebase-common:16.0.3] AndroidManifest.xml:14:13-36
201
202        <activity
202-->[com.google.android.gms:play-services-base:16.0.1] AndroidManifest.xml:23:9-26:75
203            android:name="com.google.android.gms.common.api.GoogleApiActivity"
203-->[com.google.android.gms:play-services-base:16.0.1] AndroidManifest.xml:24:13-79
204            android:exported="false"
204-->[com.google.android.gms:play-services-base:16.0.1] AndroidManifest.xml:25:13-37
205            android:theme="@android:style/Theme.Translucent.NoTitleBar" />
205-->[com.google.android.gms:play-services-base:16.0.1] AndroidManifest.xml:26:13-72
206
207        <meta-data
207-->[com.google.android.gms:play-services-basement:16.0.1] AndroidManifest.xml:23:9-25:69
208            android:name="com.google.android.gms.version"
208-->[com.google.android.gms:play-services-basement:16.0.1] AndroidManifest.xml:24:13-58
209            android:value="@integer/google_play_services_version" />
209-->[com.google.android.gms:play-services-basement:16.0.1] AndroidManifest.xml:25:13-66
210    </application>
211
212</manifest>